Arguments: 
  /usr/local/bin/node /Users/oghenemano/node_modules/.bin/yarn install

PATH: 
  /Users/oghenemano/node_modules/.bin:/Users/node_modules/.bin:/node_modules/.bin:/usr/local/lib/node_modules/npm/node_modules/@npmcli/run-script/lib/node-gyp-bin:/Users/oghenemano/.npm/_npx/590ca40916156f54/node_modules/.bin:/Users/oghenemano/opt/anaconda3/bin:/Users/oghenemano/opt/anaconda3/condabin:/usr/local/bin:/usr/bin:/bin:/usr/sbin:/sbin

Yarn version: 
  1.22.18

Node version: 
  16.14.2

Platform: 
  darwin x64

Trace: 
  Error: https://registry.yarnpkg.com/babel-plugin-transform-async-to-promises/-/babel-plugin-transform-async-to-promises-0.8.18.tgz: Request failed "500 Internal Server Error"
      at ResponseError.ExtendableBuiltin (/Users/oghenemano/node_modules/yarn/lib/cli.js:696:66)
      at new ResponseError (/Users/oghenemano/node_modules/yarn/lib/cli.js:802:124)
      at Request.<anonymous> (/Users/oghenemano/node_modules/yarn/lib/cli.js:66208:16)
      at Request.emit (node:events:526:28)
      at Request.module.exports.Request.onRequestResponse (/Users/oghenemano/node_modules/yarn/lib/cli.js:141760:10)
      at ClientRequest.emit (node:events:526:28)
      at HTTPParser.parserOnIncomingClient (node:_http_client:618:27)
      at HTTPParser.parserOnHeadersComplete (node:_http_common:128:17)
      at HTTPParser.execute (<anonymous>)
      at TLSSocket.socketOnData (node:_http_client:482:22)

npm manifest: 
  {
    "name": "bornfight",
    "version": "1.0.0",
    "description": "react package",
    "author": "",
    "license": "MIT",
    "repository": "/bornfight",
    "main": "dist/index.js",
    "module": "dist/index.modern.js",
    "source": "src/index.tsx",
    "engines": {
      "node": ">=10"
    },
    "scripts": {
      "build": "microbundle-crl --no-compress --format modern,cjs",
      "start": "microbundle-crl watch --no-compress --format modern,cjs",
      "prepare": "run-s build",
      "test": "run-s test:unit test:lint test:build",
      "test:build": "run-s build",
      "test:lint": "eslint .",
      "test:unit": "cross-env CI=1 react-scripts test --env=jsdom",
      "test:watch": "react-scripts test --env=jsdom",
      "predeploy": "cd example && yarn install && yarn run build",
      "deploy": "gh-pages -d example/build"
    },
    "peerDependencies": {
      "react": "^16.0.0"
    },
    "devDependencies": {
      "@testing-library/jest-dom": "^4.2.4",
      "@testing-library/react": "^9.5.0",
      "@testing-library/user-event": "^7.2.1",
      "@types/jest": "^25.1.4",
      "@types/node": "^12.12.38",
      "@types/react": "^16.9.27",
      "@types/react-dom": "^16.9.7",
      "@typescript-eslint/eslint-plugin": "^2.26.0",
      "@typescript-eslint/parser": "^2.26.0",
      "microbundle-crl": "^0.13.10",
      "babel-eslint": "^10.0.3",
      "cross-env": "^7.0.2",
      "eslint": "^6.8.0",
      "eslint-config-prettier": "^6.7.0",
      "eslint-config-standard": "^14.1.0",
      "eslint-config-standard-react": "^9.2.0",
      "eslint-plugin-import": "^2.18.2",
      "eslint-plugin-node": "^11.0.0",
      "eslint-plugin-prettier": "^3.1.1",
      "eslint-plugin-promise": "^4.2.1",
      "eslint-plugin-react": "^7.17.0",
      "eslint-plugin-standard": "^4.0.1",
      "gh-pages": "^2.2.0",
      "npm-run-all": "^4.1.5",
      "prettier": "^2.0.4",
      "react": "^16.13.1",
      "react-dom": "^16.13.1",
      "react-scripts": "^3.4.1",
      "typescript": "^3.7.5"
    },
    "files": [
      "dist"
    ]
  }

yarn manifest: 
  No manifest

Lockfile: 
  No lockfile
